<?xml version="1.0" encoding="UTF-8"?>
<robot generator="Robot 6.0.1 (Python 3.8.10 on win32)" generated="20221121 17:00:21.780" rpa="false" schemaversion="3">
<suite id="s1" name="AmazonSearch" source="D:\Testing Documents\TestAutomation\Amazon\TestCases\AmazonSearch.robot">
<kw name="OpenMyBrowser" library="Keywords" type="SETUP">
<kw name="Open Browser" library="SeleniumLibrary">
<arg>${url}</arg>
<arg>${browser}</arg>
<doc>Opens a new browser instance to the optional ``url``.</doc>
<msg timestamp="20221121 17:00:23.870" level="INFO">Opening browser 'chrome' to base url 'https://www.google.com/'.</msg>
<status status="PASS" starttime="20221121 17:00:23.870" endtime="20221121 17:00:30.861"/>
</kw>
<kw name="Maximize Browser Window" library="SeleniumLibrary">
<doc>Maximizes current browser window.</doc>
<status status="PASS" starttime="20221121 17:00:30.861" endtime="20221121 17:00:31.455"/>
</kw>
<status status="PASS" starttime="20221121 17:00:23.870" endtime="20221121 17:00:31.455"/>
</kw>
<test id="s1-t1" name="SearchFunctionalityForAmazon" line="13">
<kw name="LoginToFilter">
<arg>amazon</arg>
<arg>dell computers</arg>
<arg>20000</arg>
<arg>30000</arg>
<kw name="Input Text" library="SeleniumLibrary">
<arg>${googlesearch}</arg>
<arg>${amazonsearchinput}</arg>
<doc>Types the given ``text`` into the text field identified by ``locator``.</doc>
<msg timestamp="20221121 17:00:31.463" level="INFO">Typing text 'amazon' into text field '//input[@name="q"]'.</msg>
<status status="PASS" starttime="20221121 17:00:31.462" endtime="20221121 17:00:31.716"/>
</kw>
<kw name="Sleep" library="BuiltIn">
<arg>5</arg>
<arg>seconds</arg>
<doc>Pauses the test executed for the given time.</doc>
<msg timestamp="20221121 17:00:36.717" level="INFO">Slept 5 seconds</msg>
<msg timestamp="20221121 17:00:36.717" level="INFO">seconds</msg>
<status status="PASS" starttime="20221121 17:00:31.716" endtime="20221121 17:00:36.718"/>
</kw>
<kw name="Press Keys" library="SeleniumLibrary">
<arg>${googleenter}</arg>
<arg>ENTER</arg>
<doc>Simulates the user pressing key(s) to an element or on the active browser.</doc>
<msg timestamp="20221121 17:00:36.720" level="INFO">Sending key(s) ('ENTER',) to name:btnK element.</msg>
<msg timestamp="20221121 17:00:42.269" level="INFO">Pressing special key ENTER to element.</msg>
<msg timestamp="20221121 17:00:42.269" level="INFO">Releasing special key ENTER.</msg>
<status status="PASS" starttime="20221121 17:00:36.719" endtime="20221121 17:00:42.287"/>
</kw>
<kw name="Click Element" library="SeleniumLibrary">
<arg>${searchedclick}</arg>
<doc>Click the element identified by ``locator``.</doc>
<msg timestamp="20221121 17:00:42.289" level="INFO">Clicking element 'xpath://*[@id="rso"]/div[1]/div/div/div/div/div/div/div[1]/a/h3'.</msg>
<status status="PASS" starttime="20221121 17:00:42.288" endtime="20221121 17:00:48.057"/>
</kw>
<kw name="Sleep" library="BuiltIn">
<arg>5</arg>
<arg>seconds</arg>
<doc>Pauses the test executed for the given time.</doc>
<msg timestamp="20221121 17:00:53.059" level="INFO">Slept 5 seconds</msg>
<msg timestamp="20221121 17:00:53.059" level="INFO">seconds</msg>
<status status="PASS" starttime="20221121 17:00:48.057" endtime="20221121 17:00:53.059"/>
</kw>
<kw name="Click Element" library="SeleniumLibrary">
<arg>${Electronics}</arg>
<doc>Click the element identified by ``locator``.</doc>
<msg timestamp="20221121 17:00:53.061" level="INFO">Clicking element 'xpath://a[contains(text(),'Electronics')]'.</msg>
<status status="PASS" starttime="20221121 17:00:53.059" endtime="20221121 17:00:56.277"/>
</kw>
<kw name="Input Text" library="SeleniumLibrary">
<arg>${AmazonInput}</arg>
<arg>${AmazonInputvalue}</arg>
<doc>Types the given ``text`` into the text field identified by ``locator``.</doc>
<msg timestamp="20221121 17:00:56.279" level="INFO">Typing text 'dell computers' into text field 'xpath://*[@id="twotabsearchtextbox"]'.</msg>
<status status="PASS" starttime="20221121 17:00:56.278" endtime="20221121 17:00:58.272"/>
</kw>
<kw name="Sleep" library="BuiltIn">
<arg>5</arg>
<arg>seconds</arg>
<doc>Pauses the test executed for the given time.</doc>
<msg timestamp="20221121 17:01:03.283" level="INFO">Slept 5 seconds</msg>
<msg timestamp="20221121 17:01:03.283" level="INFO">seconds</msg>
<status status="PASS" starttime="20221121 17:00:58.273" endtime="20221121 17:01:03.283"/>
</kw>
<kw name="Click Element" library="SeleniumLibrary">
<arg>${AmazonSearchButton}</arg>
<doc>Click the element identified by ``locator``.</doc>
<msg timestamp="20221121 17:01:03.283" level="INFO">Clicking element 'xpath://input[@id='nav-search-submit-button']'.</msg>
<status status="PASS" starttime="20221121 17:01:03.283" endtime="20221121 17:01:21.660"/>
</kw>
<kw name="Input Text" library="SeleniumLibrary">
<arg>${minivalue}</arg>
<arg>${miniRangeInputvalue}</arg>
<doc>Types the given ``text`` into the text field identified by ``locator``.</doc>
<msg timestamp="20221121 17:01:21.661" level="INFO">Typing text '20000' into text field 'xpath://*[@id="low-price"]'.</msg>
<status status="PASS" starttime="20221121 17:01:21.660" endtime="20221121 17:01:22.216"/>
</kw>
<kw name="Input Text" library="SeleniumLibrary">
<arg>${maxvalue}</arg>
<arg>${maxRangeInputvalue}</arg>
<doc>Types the given ``text`` into the text field identified by ``locator``.</doc>
<msg timestamp="20221121 17:01:22.218" level="INFO">Typing text '30000' into text field 'xpath://*[@id="high-price"]'.</msg>
<status status="PASS" starttime="20221121 17:01:22.216" endtime="20221121 17:01:22.679"/>
</kw>
<kw name="Click Element" library="SeleniumLibrary">
<arg>${GoButton}</arg>
<doc>Click the element identified by ``locator``.</doc>
<msg timestamp="20221121 17:01:22.681" level="INFO">Clicking element 'xpath://*[@id="a-autoid-1"]/span/input'.</msg>
<status status="PASS" starttime="20221121 17:01:22.680" endtime="20221121 17:01:33.065"/>
</kw>
<status status="PASS" starttime="20221121 17:00:31.461" endtime="20221121 17:01:33.066"/>
</kw>
<status status="PASS" starttime="20221121 17:00:31.456" endtime="20221121 17:01:33.067"/>
</test>
<kw name="CloseMyBrowser" library="Keywords" type="TEARDOWN">
<kw name="Close All Browsers" library="SeleniumLibrary">
<doc>Closes all open browsers and resets the browser cache.</doc>
<status status="PASS" starttime="20221121 17:01:33.070" endtime="20221121 17:01:38.912"/>
</kw>
<status status="PASS" starttime="20221121 17:01:33.070" endtime="20221121 17:01:38.912"/>
</kw>
<status status="PASS" starttime="20221121 17:00:21.780" endtime="20221121 17:01:38.912"/>
</suite>
<statistics>
<total>
<stat pass="1" fail="0" skip="0">All Tests</stat>
</total>
<tag>
</tag>
<suite>
<stat pass="1" fail="0" skip="0" id="s1" name="AmazonSearch">AmazonSearch</stat>
</suite>
</statistics>
<errors>
</errors>
</robot>
