<?xml version="1.0" encoding="UTF-8"?>
<robot generator="Robot 6.0.1 (Python 3.8.10 on win32)" generated="20221121 11:24:57.181" rpa="false" schemaversion="3">
<suite id="s1" name="AmazonSearch" source="D:\Testing Documents\TestAutomation\Amazon\TestCases\AmazonSearch.robot">
<kw name="OpenMyBrowser" library="Keywords" type="SETUP">
<kw name="Open Browser" library="SeleniumLibrary">
<arg>${url}</arg>
<arg>${browser}</arg>
<doc>Opens a new browser instance to the optional ``url``.</doc>
<msg timestamp="20221121 11:25:00.301" level="INFO">Opening browser 'chrome' to base url 'https://www.google.com/'.</msg>
<msg timestamp="20221121 11:26:12.809" level="INFO">Cannot capture screenshot because no browser is open.</msg>
<msg timestamp="20221121 11:26:12.809" level="FAIL">WebDriverException: Message: chrome not reachable
Stacktrace:
Backtrace:
	Ordinal0 [0x0050ACD3+2075859]
	Ordinal0 [0x0049EE61+1633889]
	Ordinal0 [0x0039B680+571008]
	Ordinal0 [0x003912EA+529130]
	Ordinal0 [0x003BD96E+711022]
	Ordinal0 [0x003B9266+692838]
	Ordinal0 [0x003B6BE9+682985]
	Ordinal0 [0x003EDBD3+908243]
	Ordinal0 [0x003ED6AA+906922]
	Ordinal0 [0x003E7136+880950]
	Ordinal0 [0x003BFEFD+720637]
	Ordinal0 [0x003C0F3F+724799]
	GetHandleVerifier [0x007BEED2+2769538]
	GetHandleVerifier [0x007B0D95+2711877]
	GetHandleVerifier [0x0059A03A+521194]
	GetHandleVerifier [0x00598DA0+516432]
	Ordinal0 [0x004A682C+1665068]
	Ordinal0 [0x004AB128+1683752]
	Ordinal0 [0x004AB215+1683989]
	Ordinal0 [0x004B6484+1729668]
	BaseThreadInitThunk [0x760F344D+18]
	RtlInitializeExceptionChain [0x77939802+99]
	RtlInitializeExceptionChain [0x779397D5+54]
</msg>
<status status="FAIL" starttime="20221121 11:25:00.301" endtime="20221121 11:26:13.262"/>
</kw>
<kw name="Maximize Browser Window" library="SeleniumLibrary">
<doc>Maximizes current browser window.</doc>
<status status="NOT RUN" starttime="20221121 11:26:13.262" endtime="20221121 11:26:13.262"/>
</kw>
<status status="FAIL" starttime="20221121 11:25:00.301" endtime="20221121 11:26:13.262"/>
</kw>
<test id="s1-t1" name="SearchFunctionalityForAmazon" line="11">
<status status="FAIL" starttime="20221121 11:26:13.262" endtime="20221121 11:26:13.262">Parent suite setup failed:
WebDriverException: Message: chrome not reachable
Stacktrace:
Backtrace:
	Ordinal0 [0x0050ACD3+2075859]
	Ordinal0 [0x0049EE61+1633889]
	Ordinal0 [0x0039B680+571008]
	Ordinal0 [0x003912EA+529130]
	Ordinal0 [0x003BD96E+711022]
	Ordinal0 [0x003B9266+692838]
	Ordinal0 [0x003B6BE9+682985]
	Ordinal0 [0x003EDBD3+908243]
	Ordinal0 [0x003ED6AA+906922]
	Ordinal0 [0x003E7136+880950]
	Ordinal0 [0x003BFEFD+720637]
	Ordinal0 [0x003C0F3F+724799]
	GetHandleVerifier [0x007BEED2+2769538]
	GetHandleVerifier [0x007B0D95+2711877]
	GetHandleVerifier [0x0059A03A+521194]
	GetHandleVerifier [0x00598DA0+516432]
	Ordinal0 [0x004A682C+1665068]
	Ordinal0 [0x004AB128+1683752]
	Ordinal0 [0x004AB215+1683989]
	Ordinal0 [0x004B6484+1729668]
	BaseThreadInitThunk [0x760F344D+18]
	RtlInitializeExceptionChain [0x77939802+99]
	RtlInitializeExceptionChain [0x779397D5+54]
</status>
</test>
<kw name="CloseMyBrowser" library="Keywords" type="TEARDOWN">
<kw name="Close All Browsers" library="SeleniumLibrary">
<doc>Closes all open browsers and resets the browser cache.</doc>
<status status="PASS" starttime="20221121 11:26:13.309" endtime="20221121 11:26:13.309"/>
</kw>
<status status="PASS" starttime="20221121 11:26:13.309" endtime="20221121 11:26:13.309"/>
</kw>
<status status="FAIL" starttime="20221121 11:24:57.196" endtime="20221121 11:26:13.309">Suite setup failed:
WebDriverException: Message: chrome not reachable
Stacktrace:
Backtrace:
	Ordinal0 [0x0050ACD3+2075859]
	Ordinal0 [0x0049EE61+1633889]
	Ordinal0 [0x0039B680+571008]
	Ordinal0 [0x003912EA+529130]
	Ordinal0 [0x003BD96E+711022]
	Ordinal0 [0x003B9266+692838]
	Ordinal0 [0x003B6BE9+682985]
	Ordinal0 [0x003EDBD3+908243]
	Ordinal0 [0x003ED6AA+906922]
	Ordinal0 [0x003E7136+880950]
	Ordinal0 [0x003BFEFD+720637]
	Ordinal0 [0x003C0F3F+724799]
	GetHandleVerifier [0x007BEED2+2769538]
	GetHandleVerifier [0x007B0D95+2711877]
	GetHandleVerifier [0x0059A03A+521194]
	GetHandleVerifier [0x00598DA0+516432]
	Ordinal0 [0x004A682C+1665068]
	Ordinal0 [0x004AB128+1683752]
	Ordinal0 [0x004AB215+1683989]
	Ordinal0 [0x004B6484+1729668]
	BaseThreadInitThunk [0x760F344D+18]
	RtlInitializeExceptionChain [0x77939802+99]
	RtlInitializeExceptionChain [0x779397D5+54]
</status>
</suite>
<statistics>
<total>
<stat pass="0" fail="1" skip="0">All Tests</stat>
</total>
<tag>
</tag>
<suite>
<stat pass="0" fail="1" skip="0" id="s1" name="AmazonSearch">AmazonSearch</stat>
</suite>
</statistics>
<errors>
</errors>
</robot>
